0 info it worked if it ends with ok
1 verbose cli [ 'node', '/usr/local/bin/npm', 'install' ]
2 info using npm@1.4.3
3 info using node@v0.10.26
4 verbose readDependencies using package.json deps
5 verbose install where, deps [ '/Users/ewantavener/Documents/projects/ewantavener/content-player-backbone',
5 verbose install   [ 'imagemin-pngquant',
5 verbose install     'node-sas',
5 verbose install     'autoprefixer-core',
5 verbose install     'browser-sync',
5 verbose install     'del',
5 verbose install     'gulp',
5 verbose install     'gulp-cache',
5 verbose install     'gulp-csso',
5 verbose install     'gulp-declare',
5 verbose install     'gulp-define-module',
5 verbose install     'gulp-handlebars',
5 verbose install     'gulp-if',
5 verbose install     'gulp-imagemin',
5 verbose install     'gulp-jshint',
5 verbose install     'gulp-json-editor',
5 verbose install     'gulp-jsonminify',
5 verbose install     'gulp-load-plugins',
5 verbose install     'gulp-minify-html',
5 verbose install     'gulp-minify-inline-scripts',
5 verbose install     'gulp-postcss',
5 verbose install     'gulp-sass',
5 verbose install     'gulp-size',
5 verbose install     'gulp-sourcemaps',
5 verbose install     'gulp-uglify',
5 verbose install     'gulp-useref',
5 verbose install     'jshint-stylish',
5 verbose install     'main-bower-files',
5 verbose install     'opn',
5 verbose install     'wiredep',
5 verbose install     'yargs' ] ]
6 info preinstall @
7 verbose readDependencies using package.json deps
8 verbose already installed skipping autoprefixer-core@^4.0.2 /Users/ewantavener/Documents/projects/ewantavener/content-player-backbone
9 verbose already installed skipping imagemin-pngquant@^4.1.2 /Users/ewantavener/Documents/projects/ewantavener/content-player-backbone
10 verbose cache add [ 'node-sas@^3.0.0', null ]
11 verbose cache add name=undefined spec="node-sas@^3.0.0" args=["node-sas@^3.0.0",null]
12 verbose parsed url { protocol: null,
12 verbose parsed url   slashes: null,
12 verbose parsed url   auth: null,
12 verbose parsed url   host: null,
12 verbose parsed url   port: null,
12 verbose parsed url   hostname: null,
12 verbose parsed url   hash: null,
12 verbose parsed url   search: null,
12 verbose parsed url   query: null,
12 verbose parsed url   pathname: 'node-sas@^3.0.0',
12 verbose parsed url   path: 'node-sas@^3.0.0',
12 verbose parsed url   href: 'node-sas@^3.0.0' }
13 verbose cache add name="node-sas" spec="^3.0.0" args=["node-sas","^3.0.0"]
14 verbose parsed url { protocol: null,
14 verbose parsed url   slashes: null,
14 verbose parsed url   auth: null,
14 verbose parsed url   host: null,
14 verbose parsed url   port: null,
14 verbose parsed url   hostname: null,
14 verbose parsed url   hash: null,
14 verbose parsed url   search: null,
14 verbose parsed url   query: null,
14 verbose parsed url   pathname: '^3.0.0',
14 verbose parsed url   path: '^3.0.0',
14 verbose parsed url   href: '^3.0.0' }
15 verbose addNamed [ 'node-sas', '^3.0.0' ]
16 verbose addNamed [ null, '>=3.0.0-0 <4.0.0-0' ]
17 verbose already installed skipping browser-sync@^1.8.2 /Users/ewantavener/Documents/projects/ewantavener/content-player-backbone
18 verbose already installed skipping del@^1.1.1 /Users/ewantavener/Documents/projects/ewantavener/content-player-backbone
19 silly lockFile e13a511b-node-sas-3-0-0 node-sas@^3.0.0
20 verbose lock node-sas@^3.0.0 /Users/ewantavener/.npm/e13a511b-node-sas-3-0-0.lock
21 verbose already installed skipping gulp@^3.6.0 /Users/ewantavener/Documents/projects/ewantavener/content-player-backbone
22 verbose already installed skipping gulp-cache@^0.2.2 /Users/ewantavener/Documents/projects/ewantavener/content-player-backbone
23 silly addNameRange { name: 'node-sas', range: '>=3.0.0-0 <4.0.0-0', hasData: false }
24 verbose already installed skipping gulp-csso@^0.2.6 /Users/ewantavener/Documents/projects/ewantavener/content-player-backbone
25 verbose url raw node-sas
26 verbose url resolving [ 'https://registry.npmjs.org/', './node-sas' ]
27 verbose url resolved https://registry.npmjs.org/node-sas
28 info trying registry request attempt 1 at 21:06:54
29 http GET https://registry.npmjs.org/node-sas
30 verbose already installed skipping gulp-define-module@^0.1.3 /Users/ewantavener/Documents/projects/ewantavener/content-player-backbone
31 verbose already installed skipping gulp-declare@^0.3.0 /Users/ewantavener/Documents/projects/ewantavener/content-player-backbone
32 verbose already installed skipping gulp-handlebars@^4.0.0 /Users/ewantavener/Documents/projects/ewantavener/content-player-backbone
33 verbose already installed skipping gulp-if@^1.2.1 /Users/ewantavener/Documents/projects/ewantavener/content-player-backbone
34 verbose already installed skipping gulp-imagemin@^2.3.0 /Users/ewantavener/Documents/projects/ewantavener/content-player-backbone
35 verbose already installed skipping gulp-jshint@^1.5.3 /Users/ewantavener/Documents/projects/ewantavener/content-player-backbone
36 verbose already installed skipping gulp-json-editor@^2.2.1 /Users/ewantavener/Documents/projects/ewantavener/content-player-backbone
37 verbose already installed skipping gulp-jsonminify@^1.0.0 /Users/ewantavener/Documents/projects/ewantavener/content-player-backbone
38 verbose already installed skipping gulp-load-plugins@^0.8.0 /Users/ewantavener/Documents/projects/ewantavener/content-player-backbone
39 verbose already installed skipping gulp-minify-html@^0.1.6 /Users/ewantavener/Documents/projects/ewantavener/content-player-backbone
40 verbose already installed skipping gulp-minify-inline-scripts@^0.0.6 /Users/ewantavener/Documents/projects/ewantavener/content-player-backbone
41 verbose already installed skipping gulp-postcss@^3.0.0 /Users/ewantavener/Documents/projects/ewantavener/content-player-backbone
42 verbose already installed skipping gulp-sass@^1.3.3 /Users/ewantavener/Documents/projects/ewantavener/content-player-backbone
43 verbose already installed skipping gulp-size@^1.1.0 /Users/ewantavener/Documents/projects/ewantavener/content-player-backbone
44 verbose already installed skipping gulp-sourcemaps@^1.3.0 /Users/ewantavener/Documents/projects/ewantavener/content-player-backbone
45 verbose already installed skipping gulp-uglify@^1.0.1 /Users/ewantavener/Documents/projects/ewantavener/content-player-backbone
46 verbose already installed skipping gulp-useref@^1.0.2 /Users/ewantavener/Documents/projects/ewantavener/content-player-backbone
47 verbose already installed skipping jshint-stylish@^1.0.0 /Users/ewantavener/Documents/projects/ewantavener/content-player-backbone
48 verbose already installed skipping main-bower-files@^2.5.0 /Users/ewantavener/Documents/projects/ewantavener/content-player-backbone
49 verbose already installed skipping opn@^1.0.0 /Users/ewantavener/Documents/projects/ewantavener/content-player-backbone
50 verbose already installed skipping wiredep@^2.0.0 /Users/ewantavener/Documents/projects/ewantavener/content-player-backbone
51 verbose already installed skipping yargs@^3.17.1 /Users/ewantavener/Documents/projects/ewantavener/content-player-backbone
52 http 404 https://registry.npmjs.org/node-sas
53 silly registry.get cb [ 404,
53 silly registry.get   { 'content-type': 'application/json',
53 silly registry.get     'cache-control': 'max-age=0',
53 silly registry.get     'content-length': '2',
53 silly registry.get     'accept-ranges': 'bytes',
53 silly registry.get     date: 'Thu, 10 Dec 2015 21:06:56 GMT',
53 silly registry.get     via: '1.1 varnish',
53 silly registry.get     age: '0',
53 silly registry.get     connection: 'keep-alive',
53 silly registry.get     'x-served-by': 'cache-lcy1129-LCY',
53 silly registry.get     'x-cache': 'MISS',
53 silly registry.get     'x-cache-hits': '0',
53 silly registry.get     'x-timer': 'S1449781616.263975,VS0,VE95' } ]
54 silly addNameRange number 2 { name: 'node-sas', range: '>=3.0.0-0 <4.0.0-0', hasData: true }
55 silly addNameRange versions [ undefined, [] ]
56 error TypeError: Cannot read property 'latest' of undefined
56 error     at next (/usr/local/lib/node_modules/npm/lib/cache.js:744:35)
56 error     at /usr/local/lib/node_modules/npm/lib/cache.js:732:5
56 error     at saved (/usr/local/lib/node_modules/npm/node_modules/npm-registry-client/lib/get.js:148:7)
56 error     at /usr/local/lib/node_modules/npm/node_modules/graceful-fs/polyfills.js:133:7
56 error     at Object.oncomplete (fs.js:107:15)
57 error If you need help, you may report this *entire* log,
57 error including the npm and node versions, at:
57 error     <http://github.com/npm/npm/issues>
58 error System Darwin 13.4.0
59 error command "node" "/usr/local/bin/npm" "install"
60 error cwd /Users/ewantavener/Documents/projects/ewantavener/content-player-backbone
61 error node -v v0.10.26
62 error npm -v 1.4.3
63 error type non_object_property_load
64 verbose exit [ 1, true ]
